0 info it worked if it ends with ok
1 verbose cli [ 'C:\\Program Files\\nodejs\\node.exe',
1 verbose cli   'C:\\Program Files\\nodejs\\node_modules\\npm\\bin\\npm-cli.js',
1 verbose cli   'install',
1 verbose cli   '--save',
1 verbose cli   'react-navigation' ]
2 info using npm@3.10.10
3 info using node@v6.11.3
4 silly loadCurrentTree Starting
5 silly install loadCurrentTree
6 silly install readLocalPackageData
7 silly fetchPackageMetaData react-navigation
8 silly fetchNamedPackageData react-navigation
9 silly mapToRegistry name react-navigation
10 silly mapToRegistry using default registry
11 silly mapToRegistry registry https://registry.npmjs.org/
12 silly mapToRegistry data Result {
12 silly mapToRegistry   raw: 'react-navigation',
12 silly mapToRegistry   scope: null,
12 silly mapToRegistry   escapedName: 'react-navigation',
12 silly mapToRegistry   name: 'react-navigation',
12 silly mapToRegistry   rawSpec: '',
12 silly mapToRegistry   spec: 'latest',
12 silly mapToRegistry   type: 'tag' }
13 silly mapToRegistry uri https://registry.npmjs.org/react-navigation
14 verbose request uri https://registry.npmjs.org/react-navigation
15 verbose request no auth needed
16 info attempt registry request try #1 at 6:31:22 AM
17 verbose request id 6509c9dd03e63a5a
18 verbose etag W/"59bcb642-cbdb"
19 verbose lastModified Sat, 16 Sep 2017 05:27:30 GMT
20 http request GET https://registry.npmjs.org/react-navigation
21 http 304 https://registry.npmjs.org/react-navigation
22 verbose headers { date: 'Sun, 17 Sep 2017 22:31:26 GMT',
22 verbose headers   via: '1.1 varnish',
22 verbose headers   'cache-control': 'max-age=300',
22 verbose headers   etag: 'W/"59bcb642-cbdb"',
22 verbose headers   age: '56',
22 verbose headers   connection: 'keep-alive',
22 verbose headers   'x-served-by': 'cache-sjc3151-SJC',
22 verbose headers   'x-cache': 'HIT',
22 verbose headers   'x-cache-hits': '1',
22 verbose headers   'x-timer': 'S1505687486.247350,VS0,VE1',
22 verbose headers   vary: 'Accept-Encoding, Accept' }
23 silly get cb [ 304,
23 silly get   { date: 'Sun, 17 Sep 2017 22:31:26 GMT',
23 silly get     via: '1.1 varnish',
23 silly get     'cache-control': 'max-age=300',
23 silly get     etag: 'W/"59bcb642-cbdb"',
23 silly get     age: '56',
23 silly get     connection: 'keep-alive',
23 silly get     'x-served-by': 'cache-sjc3151-SJC',
23 silly get     'x-cache': 'HIT',
23 silly get     'x-cache-hits': '1',
23 silly get     'x-timer': 'S1505687486.247350,VS0,VE1',
23 silly get     vary: 'Accept-Encoding, Accept' } ]
24 verbose etag https://registry.npmjs.org/react-navigation from cache
25 verbose get saving react-navigation to C:\Users\Wenjie\AppData\Roaming\npm-cache\registry.npmjs.org\react-navigation\.cache.json
26 verbose correctMkdir C:\Users\Wenjie\AppData\Roaming\npm-cache correctMkdir not in flight; initializing
27 silly install normalizeTree
28 silly loadCurrentTree Finishing
29 silly loadIdealTree Starting
30 silly install loadIdealTree
31 silly cloneCurrentTree Starting
32 silly install cloneCurrentTreeToIdealTree
33 silly cloneCurrentTree Finishing
34 silly loadShrinkwrap Starting
35 silly install loadShrinkwrap
36 silly loadShrinkwrap Finishing
37 silly loadAllDepsIntoIdealTree Starting
38 silly install loadAllDepsIntoIdealTree
39 silly resolveWithNewModule react-navigation@1.0.0-beta.11 checking installable status
40 silly cache add args [ 'react-navigation', null ]
41 verbose cache add spec react-navigation
42 silly cache add parsed spec Result {
42 silly cache add   raw: 'react-navigation',
42 silly cache add   scope: null,
42 silly cache add   escapedName: 'react-navigation',
42 silly cache add   name: 'react-navigation',
42 silly cache add   rawSpec: '',
42 silly cache add   spec: 'latest',
42 silly cache add   type: 'tag' }
43 silly addNamed react-navigation@latest
44 verbose addNamed "latest" is being treated as a dist-tag for react-navigation
45 info addNameTag [ 'react-navigation', 'latest' ]
46 silly mapToRegistry name react-navigation
47 silly mapToRegistry using default registry
48 silly mapToRegistry registry https://registry.npmjs.org/
49 silly mapToRegistry data Result {
49 silly mapToRegistry   raw: 'react-navigation',
49 silly mapToRegistry   scope: null,
49 silly mapToRegistry   escapedName: 'react-navigation',
49 silly mapToRegistry   name: 'react-navigation',
49 silly mapToRegistry   rawSpec: '',
49 silly mapToRegistry   spec: 'latest',
49 silly mapToRegistry   type: 'tag' }
50 silly mapToRegistry uri https://registry.npmjs.org/react-navigation
51 verbose addNameTag registry:https://registry.npmjs.org/react-navigation not in flight; fetching
52 verbose get https://registry.npmjs.org/react-navigation not expired, no request
53 silly addNameTag next cb for react-navigation with tag latest
54 silly addNamed react-navigation@1.0.0-beta.11
55 verbose addNamed "1.0.0-beta.11" is a plain semver version for react-navigation
56 silly cache afterAdd react-navigation@1.0.0-beta.11
57 verbose afterAdd C:\Users\Wenjie\AppData\Roaming\npm-cache\react-navigation\1.0.0-beta.11\package\package.json not in flight; writing
58 verbose correctMkdir C:\Users\Wenjie\AppData\Roaming\npm-cache correctMkdir not in flight; initializing
59 verbose afterAdd C:\Users\Wenjie\AppData\Roaming\npm-cache\react-navigation\1.0.0-beta.11\package\package.json written
60 silly fetchNamedPackageData clamp
61 silly mapToRegistry name clamp
62 silly mapToRegistry using default registry
63 silly mapToRegistry registry https://registry.npmjs.org/
64 silly mapToRegistry data Result {
64 silly mapToRegistry   raw: 'clamp',
64 silly mapToRegistry   scope: null,
64 silly mapToRegistry   escapedName: 'clamp',
64 silly mapToRegistry   name: 'clamp',
64 silly mapToRegistry   rawSpec: '',
64 silly mapToRegistry   spec: 'latest',
64 silly mapToRegistry   type: 'tag' }
65 silly mapToRegistry uri https://registry.npmjs.org/clamp
66 silly fetchNamedPackageData hoist-non-react-statics
67 silly mapToRegistry name hoist-non-react-statics
68 silly mapToRegistry using default registry
69 silly mapToRegistry registry https://registry.npmjs.org/
70 silly mapToRegistry data Result {
70 silly mapToRegistry   raw: 'hoist-non-react-statics',
70 silly mapToRegistry   scope: null,
70 silly mapToRegistry   escapedName: 'hoist-non-react-statics',
70 silly mapToRegistry   name: 'hoist-non-react-statics',
70 silly mapToRegistry   rawSpec: '',
70 silly mapToRegistry   spec: 'latest',
70 silly mapToRegistry   type: 'tag' }
71 silly mapToRegistry uri https://registry.npmjs.org/hoist-non-react-statics
72 silly fetchNamedPackageData path-to-regexp
73 silly mapToRegistry name path-to-regexp
74 silly mapToRegistry using default registry
75 silly mapToRegistry registry https://registry.npmjs.org/
76 silly mapToRegistry data Result {
76 silly mapToRegistry   raw: 'path-to-regexp',
76 silly mapToRegistry   scope: null,
76 silly mapToRegistry   escapedName: 'path-to-regexp',
76 silly mapToRegistry   name: 'path-to-regexp',
76 silly mapToRegistry   rawSpec: '',
76 silly mapToRegistry   spec: 'latest',
76 silly mapToRegistry   type: 'tag' }
77 silly mapToRegistry uri https://registry.npmjs.org/path-to-regexp
78 silly fetchNamedPackageData react-native-drawer-layout-polyfill
79 silly mapToRegistry name react-native-drawer-layout-polyfill
80 silly mapToRegistry using default registry
81 silly mapToRegistry registry https://registry.npmjs.org/
82 silly mapToRegistry data Result {
82 silly mapToRegistry   raw: 'react-native-drawer-layout-polyfill',
82 silly mapToRegistry   scope: null,
82 silly mapToRegistry   escapedName: 'react-native-drawer-layout-polyfill',
82 silly mapToRegistry   name: 'react-native-drawer-layout-polyfill',
82 silly mapToRegistry   rawSpec: '',
82 silly mapToRegistry   spec: 'latest',
82 silly mapToRegistry   type: 'tag' }
83 silly mapToRegistry uri https://registry.npmjs.org/react-native-drawer-layout-polyfill
84 silly fetchNamedPackageData react-native-tab-view
85 silly mapToRegistry name react-native-tab-view
86 silly mapToRegistry using default registry
87 silly mapToRegistry registry https://registry.npmjs.org/
88 silly mapToRegistry data Result {
88 silly mapToRegistry   raw: 'react-native-tab-view',
88 silly mapToRegistry   scope: null,
88 silly mapToRegistry   escapedName: 'react-native-tab-view',
88 silly mapToRegistry   name: 'react-native-tab-view',
88 silly mapToRegistry   rawSpec: '',
88 silly mapToRegistry   spec: 'latest',
88 silly mapToRegistry   type: 'tag' }
89 silly mapToRegistry uri https://registry.npmjs.org/react-native-tab-view
90 verbose request uri https://registry.npmjs.org/clamp
91 verbose request no auth needed
92 info attempt registry request try #1 at 6:31:24 AM
93 verbose etag W/"53d80ded-1051"
94 verbose lastModified Tue, 29 Jul 2014 21:11:09 GMT
95 http request GET https://registry.npmjs.org/clamp
96 verbose request uri https://registry.npmjs.org/hoist-non-react-statics
97 verbose request no auth needed
98 info attempt registry request try #1 at 6:31:24 AM
99 verbose etag W/"59bb34e5-8640"
100 verbose lastModified Fri, 15 Sep 2017 02:03:17 GMT
101 http request GET https://registry.npmjs.org/hoist-non-react-statics
102 verbose request uri https://registry.npmjs.org/react-native-drawer-layout-polyfill
103 verbose request no auth needed
104 info attempt registry request try #1 at 6:31:24 AM
105 verbose etag W/"5948b1f5-c240"
106 verbose lastModified Tue, 20 Jun 2017 05:26:13 GMT
107 http request GET https://registry.npmjs.org/react-native-drawer-layout-polyfill
108 verbose request uri https://registry.npmjs.org/path-to-regexp
109 verbose request no auth needed
110 info attempt registry request try #1 at 6:31:24 AM
111 verbose etag W/"59ba88f5-17cf6"
112 verbose lastModified Thu, 14 Sep 2017 13:49:41 GMT
113 http request GET https://registry.npmjs.org/path-to-regexp
114 verbose request uri https://registry.npmjs.org/react-native-tab-view
115 verbose request no auth needed
116 info attempt registry request try #1 at 6:31:24 AM
117 verbose etag W/"59a615d4-226a9"
118 verbose lastModified Wed, 30 Aug 2017 01:33:08 GMT
119 http request GET https://registry.npmjs.org/react-native-tab-view
120 http 304 https://registry.npmjs.org/clamp
121 verbose headers { date: 'Sun, 17 Sep 2017 22:31:27 GMT',
121 verbose headers   via: '1.1 varnish',
121 verbose headers   'cache-control': 'max-age=300',
121 verbose headers   etag: 'W/"53d80ded-1051"',
121 verbose headers   age: '55',
121 verbose headers   connection: 'keep-alive',
121 verbose headers   'x-served-by': 'cache-sjc3151-SJC',
121 verbose headers   'x-cache': 'HIT',
121 verbose headers   'x-cache-hits': '1',
121 verbose headers   'x-timer': 'S1505687487.167368,VS0,VE0',
121 verbose headers   vary: 'Accept-Encoding, Accept' }
122 silly get cb [ 304,
122 silly get   { date: 'Sun, 17 Sep 2017 22:31:27 GMT',
122 silly get     via: '1.1 varnish',
122 silly get     'cache-control': 'max-age=300',
122 silly get     etag: 'W/"53d80ded-1051"',
122 silly get     age: '55',
122 silly get     connection: 'keep-alive',
122 silly get     'x-served-by': 'cache-sjc3151-SJC',
122 silly get     'x-cache': 'HIT',
122 silly get     'x-cache-hits': '1',
122 silly get     'x-timer': 'S1505687487.167368,VS0,VE0',
122 silly get     vary: 'Accept-Encoding, Accept' } ]
123 verbose etag https://registry.npmjs.org/clamp from cache
124 verbose get saving clamp to C:\Users\Wenjie\AppData\Roaming\npm-cache\registry.npmjs.org\clamp\.cache.json
125 verbose correctMkdir C:\Users\Wenjie\AppData\Roaming\npm-cache correctMkdir not in flight; initializing
126 silly resolveWithNewModule clamp@1.0.1 checking installable status
127 silly cache add args [ 'clamp@^1.0.1', null ]
128 verbose cache add spec clamp@^1.0.1
129 silly cache add parsed spec Result {
129 silly cache add   raw: 'clamp@^1.0.1',
129 silly cache add   scope: null,
129 silly cache add   escapedName: 'clamp',
129 silly cache add   name: 'clamp',
129 silly cache add   rawSpec: '^1.0.1',
129 silly cache add   spec: '>=1.0.1 <2.0.0',
129 silly cache add   type: 'range' }
130 silly addNamed clamp@>=1.0.1 <2.0.0
131 verbose addNamed ">=1.0.1 <2.0.0" is a valid semver range for clamp
132 silly addNameRange { name: 'clamp', range: '>=1.0.1 <2.0.0', hasData: false }
133 silly mapToRegistry name clamp
134 silly mapToRegistry using default registry
135 silly mapToRegistry registry https://registry.npmjs.org/
136 silly mapToRegistry data Result {
136 silly mapToRegistry   raw: 'clamp',
136 silly mapToRegistry   scope: null,
136 silly mapToRegistry   escapedName: 'clamp',
136 silly mapToRegistry   name: 'clamp',
136 silly mapToRegistry   rawSpec: '',
136 silly mapToRegistry   spec: 'latest',
136 silly mapToRegistry   type: 'tag' }
137 silly mapToRegistry uri https://registry.npmjs.org/clamp
138 verbose addNameRange registry:https://registry.npmjs.org/clamp not in flight; fetching
139 verbose get https://registry.npmjs.org/clamp not expired, no request
140 silly addNameRange number 2 { name: 'clamp', range: '>=1.0.1 <2.0.0', hasData: true }
141 silly addNameRange versions [ 'clamp', [ '0.0.0', '1.0.0', '1.0.1' ] ]
142 silly addNamed clamp@1.0.1
143 verbose addNamed "1.0.1" is a plain semver version for clamp
144 silly cache afterAdd clamp@1.0.1
145 verbose afterAdd C:\Users\Wenjie\AppData\Roaming\npm-cache\clamp\1.0.1\package\package.json not in flight; writing
146 verbose correctMkdir C:\Users\Wenjie\AppData\Roaming\npm-cache correctMkdir not in flight; initializing
147 verbose afterAdd C:\Users\Wenjie\AppData\Roaming\npm-cache\clamp\1.0.1\package\package.json written
148 http 304 https://registry.npmjs.org/react-native-drawer-layout-polyfill
149 verbose headers { date: 'Sun, 17 Sep 2017 22:31:27 GMT',
149 verbose headers   via: '1.1 varnish',
149 verbose headers   'cache-control': 'max-age=300',
149 verbose headers   etag: 'W/"5948b1f5-c240"',
149 verbose headers   age: '55',
149 verbose headers   connection: 'keep-alive',
149 verbose headers   'x-served-by': 'cache-sjc3146-SJC',
149 verbose headers   'x-cache': 'HIT',
149 verbose headers   'x-cache-hits': '1',
149 verbose headers   'x-timer': 'S1505687488.528267,VS0,VE1',
149 verbose headers   vary: 'Accept-Encoding, Accept' }
150 silly get cb [ 304,
150 silly get   { date: 'Sun, 17 Sep 2017 22:31:27 GMT',
150 silly get     via: '1.1 varnish',
150 silly get     'cache-control': 'max-age=300',
150 silly get     etag: 'W/"5948b1f5-c240"',
150 silly get     age: '55',
150 silly get     connection: 'keep-alive',
150 silly get     'x-served-by': 'cache-sjc3146-SJC',
150 silly get     'x-cache': 'HIT',
150 silly get     'x-cache-hits': '1',
150 silly get     'x-timer': 'S1505687488.528267,VS0,VE1',
150 silly get     vary: 'Accept-Encoding, Accept' } ]
151 verbose etag https://registry.npmjs.org/react-native-drawer-layout-polyfill from cache
152 verbose get saving react-native-drawer-layout-polyfill to C:\Users\Wenjie\AppData\Roaming\npm-cache\registry.npmjs.org\react-native-drawer-layout-polyfill\.cache.json
153 verbose correctMkdir C:\Users\Wenjie\AppData\Roaming\npm-cache correctMkdir not in flight; initializing
154 silly resolveWithNewModule react-native-drawer-layout-polyfill@1.3.2 checking installable status
155 silly cache add args [ 'react-native-drawer-layout-polyfill@^1.3.0', null ]
156 verbose cache add spec react-native-drawer-layout-polyfill@^1.3.0
157 silly cache add parsed spec Result {
157 silly cache add   raw: 'react-native-drawer-layout-polyfill@^1.3.0',
157 silly cache add   scope: null,
157 silly cache add   escapedName: 'react-native-drawer-layout-polyfill',
157 silly cache add   name: 'react-native-drawer-layout-polyfill',
157 silly cache add   rawSpec: '^1.3.0',
157 silly cache add   spec: '>=1.3.0 <2.0.0',
157 silly cache add   type: 'range' }
158 silly addNamed react-native-drawer-layout-polyfill@>=1.3.0 <2.0.0
159 verbose addNamed ">=1.3.0 <2.0.0" is a valid semver range for react-native-drawer-layout-polyfill
160 silly addNameRange { name: 'react-native-drawer-layout-polyfill',
160 silly addNameRange   range: '>=1.3.0 <2.0.0',
160 silly addNameRange   hasData: false }
161 silly mapToRegistry name react-native-drawer-layout-polyfill
162 silly mapToRegistry using default registry
163 silly mapToRegistry registry https://registry.npmjs.org/
164 silly mapToRegistry data Result {
164 silly mapToRegistry   raw: 'react-native-drawer-layout-polyfill',
164 silly mapToRegistry   scope: null,
164 silly mapToRegistry   escapedName: 'react-native-drawer-layout-polyfill',
164 silly mapToRegistry   name: 'react-native-drawer-layout-polyfill',
164 silly mapToRegistry   rawSpec: '',
164 silly mapToRegistry   spec: 'latest',
164 silly mapToRegistry   type: 'tag' }
165 silly mapToRegistry uri https://registry.npmjs.org/react-native-drawer-layout-polyfill
166 verbose addNameRange registry:https://registry.npmjs.org/react-native-drawer-layout-polyfill not in flight; fetching
167 verbose get https://registry.npmjs.org/react-native-drawer-layout-polyfill not expired, no request
168 silly addNameRange number 2 { name: 'react-native-drawer-layout-polyfill',
168 silly addNameRange   range: '>=1.3.0 <2.0.0',
168 silly addNameRange   hasData: true }
169 silly addNameRange versions [ 'react-native-drawer-layout-polyfill',
169 silly addNameRange   [ '0.0.0',
169 silly addNameRange     '1.0.0-0',
169 silly addNameRange     '1.0.0-1',
169 silly addNameRange     '1.0.0',
169 silly addNameRange     '1.0.1',
169 silly addNameRange     '1.0.2',
169 silly addNameRange     '1.0.3',
169 silly addNameRange     '1.0.4',
169 silly addNameRange     '1.0.5',
169 silly addNameRange     '1.1.0',
169 silly addNameRange     '1.1.2',
169 silly addNameRange     '1.2.0-0',
169 silly addNameRange     '1.2.0',
169 silly addNameRange     '1.2.1-0',
169 silly addNameRange     '1.2.1',
169 silly addNameRange     '1.3.0',
169 silly addNameRange     '1.3.1',
169 silly addNameRange     '1.3.2' ] ]
170 silly addNamed react-native-drawer-layout-polyfill@1.3.2
171 verbose addNamed "1.3.2" is a plain semver version for react-native-drawer-layout-polyfill
172 silly cache afterAdd react-native-drawer-layout-polyfill@1.3.2
173 verbose afterAdd C:\Users\Wenjie\AppData\Roaming\npm-cache\react-native-drawer-layout-polyfill\1.3.2\package\package.json not in flight; writing
174 verbose correctMkdir C:\Users\Wenjie\AppData\Roaming\npm-cache correctMkdir not in flight; initializing
175 verbose afterAdd C:\Users\Wenjie\AppData\Roaming\npm-cache\react-native-drawer-layout-polyfill\1.3.2\package\package.json written
176 http 304 https://registry.npmjs.org/hoist-non-react-statics
177 verbose headers { date: 'Sun, 17 Sep 2017 22:31:27 GMT',
177 verbose headers   via: '1.1 varnish',
177 verbose headers   'cache-control': 'max-age=300',
177 verbose headers   etag: 'W/"59bb34e5-8640"',
177 verbose headers   age: '247',
177 verbose headers   connection: 'keep-alive',
177 verbose headers   'x-served-by': 'cache-sjc3620-SJC',
177 verbose headers   'x-cache': 'HIT',
177 verbose headers   'x-cache-hits': '1',
177 verbose headers   'x-timer': 'S1505687488.558717,VS0,VE1',
177 verbose headers   vary: 'Accept-Encoding, Accept' }
178 silly get cb [ 304,
178 silly get   { date: 'Sun, 17 Sep 2017 22:31:27 GMT',
178 silly get     via: '1.1 varnish',
178 silly get     'cache-control': 'max-age=300',
178 silly get     etag: 'W/"59bb34e5-8640"',
178 silly get     age: '247',
178 silly get     connection: 'keep-alive',
178 silly get     'x-served-by': 'cache-sjc3620-SJC',
178 silly get     'x-cache': 'HIT',
178 silly get     'x-cache-hits': '1',
178 silly get     'x-timer': 'S1505687488.558717,VS0,VE1',
178 silly get     vary: 'Accept-Encoding, Accept' } ]
179 verbose etag https://registry.npmjs.org/hoist-non-react-statics from cache
180 verbose get saving hoist-non-react-statics to C:\Users\Wenjie\AppData\Roaming\npm-cache\registry.npmjs.org\hoist-non-react-statics\.cache.json
181 verbose correctMkdir C:\Users\Wenjie\AppData\Roaming\npm-cache correctMkdir not in flight; initializing
182 http 304 https://registry.npmjs.org/react-native-tab-view
183 verbose headers { date: 'Sun, 17 Sep 2017 22:31:27 GMT',
183 verbose headers   via: '1.1 varnish',
183 verbose headers   'cache-control': 'max-age=300',
183 verbose headers   etag: 'W/"59a615d4-226a9"',
183 verbose headers   age: '55',
183 verbose headers   connection: 'keep-alive',
183 verbose headers   'x-served-by': 'cache-sjc3150-SJC',
183 verbose headers   'x-cache': 'HIT',
183 verbose headers   'x-cache-hits': '1',
183 verbose headers   'x-timer': 'S1505687488.555119,VS0,VE0',
183 verbose headers   vary: 'Accept-Encoding, Accept' }
184 silly get cb [ 304,
184 silly get   { date: 'Sun, 17 Sep 2017 22:31:27 GMT',
184 silly get     via: '1.1 varnish',
184 silly get     'cache-control': 'max-age=300',
184 silly get     etag: 'W/"59a615d4-226a9"',
184 silly get     age: '55',
184 silly get     connection: 'keep-alive',
184 silly get     'x-served-by': 'cache-sjc3150-SJC',
184 silly get     'x-cache': 'HIT',
184 silly get     'x-cache-hits': '1',
184 silly get     'x-timer': 'S1505687488.555119,VS0,VE0',
184 silly get     vary: 'Accept-Encoding, Accept' } ]
185 verbose etag https://registry.npmjs.org/react-native-tab-view from cache
186 verbose get saving react-native-tab-view to C:\Users\Wenjie\AppData\Roaming\npm-cache\registry.npmjs.org\react-native-tab-view\.cache.json
187 verbose correctMkdir C:\Users\Wenjie\AppData\Roaming\npm-cache correctMkdir not in flight; initializing
188 silly resolveWithNewModule hoist-non-react-statics@1.2.0 checking installable status
189 silly cache add args [ 'hoist-non-react-statics@^1.2.0', null ]
190 verbose cache add spec hoist-non-react-statics@^1.2.0
191 silly cache add parsed spec Result {
191 silly cache add   raw: 'hoist-non-react-statics@^1.2.0',
191 silly cache add   scope: null,
191 silly cache add   escapedName: 'hoist-non-react-statics',
191 silly cache add   name: 'hoist-non-react-statics',
191 silly cache add   rawSpec: '^1.2.0',
191 silly cache add   spec: '>=1.2.0 <2.0.0',
191 silly cache add   type: 'range' }
192 silly addNamed hoist-non-react-statics@>=1.2.0 <2.0.0
193 verbose addNamed ">=1.2.0 <2.0.0" is a valid semver range for hoist-non-react-statics
194 silly addNameRange { name: 'hoist-non-react-statics',
194 silly addNameRange   range: '>=1.2.0 <2.0.0',
194 silly addNameRange   hasData: false }
195 silly mapToRegistry name hoist-non-react-statics
196 silly mapToRegistry using default registry
197 silly mapToRegistry registry https://registry.npmjs.org/
198 silly mapToRegistry data Result {
198 silly mapToRegistry   raw: 'hoist-non-react-statics',
198 silly mapToRegistry   scope: null,
198 silly mapToRegistry   escapedName: 'hoist-non-react-statics',
198 silly mapToRegistry   name: 'hoist-non-react-statics',
198 silly mapToRegistry   rawSpec: '',
198 silly mapToRegistry   spec: 'latest',
198 silly mapToRegistry   type: 'tag' }
199 silly mapToRegistry uri https://registry.npmjs.org/hoist-non-react-statics
200 verbose addNameRange registry:https://registry.npmjs.org/hoist-non-react-statics not in flight; fetching
201 silly resolveWithNewModule react-native-tab-view@0.0.65 checking installable status
202 silly cache add args [ 'react-native-tab-view@^0.0.65', null ]
203 verbose cache add spec react-native-tab-view@^0.0.65
204 silly cache add parsed spec Result {
204 silly cache add   raw: 'react-native-tab-view@^0.0.65',
204 silly cache add   scope: null,
204 silly cache add   escapedName: 'react-native-tab-view',
204 silly cache add   name: 'react-native-tab-view',
204 silly cache add   rawSpec: '^0.0.65',
204 silly cache add   spec: '>=0.0.65 <0.0.66',
204 silly cache add   type: 'range' }
205 silly addNamed react-native-tab-view@>=0.0.65 <0.0.66
206 verbose addNamed ">=0.0.65 <0.0.66" is a valid semver range for react-native-tab-view
207 silly addNameRange { name: 'react-native-tab-view',
207 silly addNameRange   range: '>=0.0.65 <0.0.66',
207 silly addNameRange   hasData: false }
208 silly mapToRegistry name react-native-tab-view
209 silly mapToRegistry using default registry
210 silly mapToRegistry registry https://registry.npmjs.org/
211 silly mapToRegistry data Result {
211 silly mapToRegistry   raw: 'react-native-tab-view',
211 silly mapToRegistry   scope: null,
211 silly mapToRegistry   escapedName: 'react-native-tab-view',
211 silly mapToRegistry   name: 'react-native-tab-view',
211 silly mapToRegistry   rawSpec: '',
211 silly mapToRegistry   spec: 'latest',
211 silly mapToRegistry   type: 'tag' }
212 silly mapToRegistry uri https://registry.npmjs.org/react-native-tab-view
213 verbose addNameRange registry:https://registry.npmjs.org/react-native-tab-view not in flight; fetching
214 verbose get https://registry.npmjs.org/hoist-non-react-statics not expired, no request
215 silly addNameRange number 2 { name: 'hoist-non-react-statics',
215 silly addNameRange   range: '>=1.2.0 <2.0.0',
215 silly addNameRange   hasData: true }
216 silly addNameRange versions [ 'hoist-non-react-statics',
216 silly addNameRange   [ '1.0.0',
216 silly addNameRange     '1.0.1',
216 silly addNameRange     '1.0.2',
216 silly addNameRange     '1.0.3',
216 silly addNameRange     '1.0.4',
216 silly addNameRange     '1.0.5',
216 silly addNameRange     '1.0.6',
216 silly addNameRange     '1.1.0',
216 silly addNameRange     '1.2.0',
216 silly addNameRange     '2.0.0',
216 silly addNameRange     '2.1.0',
216 silly addNameRange     '2.1.1',
216 silly addNameRange     '2.2.0',
216 silly addNameRange     '2.2.1',
216 silly addNameRange     '2.2.2',
216 silly addNameRange     '2.3.0',
216 silly addNameRange     '2.3.1' ] ]
217 silly addNamed hoist-non-react-statics@1.2.0
218 verbose addNamed "1.2.0" is a plain semver version for hoist-non-react-statics
219 verbose get https://registry.npmjs.org/react-native-tab-view not expired, no request
220 silly addNameRange number 2 { name: 'react-native-tab-view',
220 silly addNameRange   range: '>=0.0.65 <0.0.66',
220 silly addNameRange   hasData: true }
221 silly addNameRange versions [ 'react-native-tab-view',
221 silly addNameRange   [ '0.0.1',
221 silly addNameRange     '0.0.2',
221 silly addNameRange     '0.0.3',
221 silly addNameRange     '0.0.4',
221 silly addNameRange     '0.0.5',
221 silly addNameRange     '0.0.6',
221 silly addNameRange     '0.0.7',
221 silly addNameRange     '0.0.8',
221 silly addNameRange     '0.0.9',
221 silly addNameRange     '0.0.10',
221 silly addNameRange     '0.0.11',
221 silly addNameRange     '0.0.12',
221 silly addNameRange     '0.0.13',
221 silly addNameRange     '0.0.14',
221 silly addNameRange     '0.0.15',
221 silly addNameRange     '0.0.16',
221 silly addNameRange     '0.0.17',
221 silly addNameRange     '0.0.18',
221 silly addNameRange     '0.0.19',
221 silly addNameRange     '0.0.20',
221 silly addNameRange     '0.0.21',
221 silly addNameRange     '0.0.22',
221 silly addNameRange     '0.0.23',
221 silly addNameRange     '0.0.24',
221 silly addNameRange     '0.0.25',
221 silly addNameRange     '0.0.26',
221 silly addNameRange     '0.0.27',
221 silly addNameRange     '0.0.28',
221 silly addNameRange     '0.0.29',
221 silly addNameRange     '0.0.30',
221 silly addNameRange     '0.0.31',
221 silly addNameRange     '0.0.32',
221 silly addNameRange     '0.0.33',
221 silly addNameRange     '0.0.34',
221 silly addNameRange     '0.0.35',
221 silly addNameRange     '0.0.36',
221 silly addNameRange     '0.0.37',
221 silly addNameRange     '0.0.38',
221 silly addNameRange     '0.0.39',
221 silly addNameRange     '0.0.40',
221 silly addNameRange     '0.0.41',
221 silly addNameRange     '0.0.42',
221 silly addNameRange     '0.0.43',
221 silly addNameRange     '0.0.44',
221 silly addNameRange     '0.0.45',
221 silly addNameRange     '0.0.46',
221 silly addNameRange     '0.0.47',
221 silly addNameRange     '0.0.48',
221 silly addNameRange     '0.0.49',
221 silly addNameRange     '0.0.50',
221 silly addNameRange     '0.0.51',
221 silly addNameRange     '0.0.52',
221 silly addNameRange     '0.0.53',
221 silly addNameRange     '0.0.54',
221 silly addNameRange     '0.0.55',
221 silly addNameRange     '0.0.56',
221 silly addNameRange     '0.0.57',
221 silly addNameRange     '0.0.58',
221 silly addNameRange     '0.0.59',
221 silly addNameRange     '0.0.60',
221 silly addNameRange     '0.0.61',
221 silly addNameRange     '0.0.62',
221 silly addNameRange     '0.0.63',
221 silly addNameRange     '0.0.65',
221 silly addNameRange     '0.0.66',
221 silly addNameRange     '0.0.67',
221 silly addNameRange     '0.0.68',
221 silly addNameRange     '0.0.69' ] ]
222 silly addNamed react-native-tab-view@0.0.65
223 verbose addNamed "0.0.65" is a plain semver version for react-native-tab-view
224 silly cache afterAdd hoist-non-react-statics@1.2.0
225 verbose afterAdd C:\Users\Wenjie\AppData\Roaming\npm-cache\hoist-non-react-statics\1.2.0\package\package.json not in flight; writing
226 verbose correctMkdir C:\Users\Wenjie\AppData\Roaming\npm-cache correctMkdir not in flight; initializing
227 silly cache afterAdd react-native-tab-view@0.0.65
228 verbose afterAdd C:\Users\Wenjie\AppData\Roaming\npm-cache\react-native-tab-view\0.0.65\package\package.json not in flight; writing
229 verbose correctMkdir C:\Users\Wenjie\AppData\Roaming\npm-cache correctMkdir not in flight; initializing
230 verbose afterAdd C:\Users\Wenjie\AppData\Roaming\npm-cache\hoist-non-react-statics\1.2.0\package\package.json written
231 verbose afterAdd C:\Users\Wenjie\AppData\Roaming\npm-cache\react-native-tab-view\0.0.65\package\package.json written
232 http 304 https://registry.npmjs.org/path-to-regexp
233 verbose headers { date: 'Sun, 17 Sep 2017 22:31:27 GMT',
233 verbose headers   via: '1.1 varnish',
233 verbose headers   'cache-control': 'max-age=300',
233 verbose headers   etag: 'W/"59ba88f5-17cf6"',
233 verbose headers   age: '197',
233 verbose headers   connection: 'keep-alive',
233 verbose headers   'x-served-by': 'cache-sjc3646-SJC',
233 verbose headers   'x-cache': 'HIT',
233 verbose headers   'x-cache-hits': '2',
233 verbose headers   'x-timer': 'S1505687488.586474,VS0,VE0',
233 verbose headers   vary: 'Accept-Encoding, Accept' }
234 silly get cb [ 304,
234 silly get   { date: 'Sun, 17 Sep 2017 22:31:27 GMT',
234 silly get     via: '1.1 varnish',
234 silly get     'cache-control': 'max-age=300',
234 silly get     etag: 'W/"59ba88f5-17cf6"',
234 silly get     age: '197',
234 silly get     connection: 'keep-alive',
234 silly get     'x-served-by': 'cache-sjc3646-SJC',
234 silly get     'x-cache': 'HIT',
234 silly get     'x-cache-hits': '2',
234 silly get     'x-timer': 'S1505687488.586474,VS0,VE0',
234 silly get     vary: 'Accept-Encoding, Accept' } ]
235 verbose etag https://registry.npmjs.org/path-to-regexp from cache
236 verbose get saving path-to-regexp to C:\Users\Wenjie\AppData\Roaming\npm-cache\registry.npmjs.org\path-to-regexp\.cache.json
237 verbose correctMkdir C:\Users\Wenjie\AppData\Roaming\npm-cache correctMkdir not in flight; initializing
238 silly resolveWithNewModule path-to-regexp@1.7.0 checking installable status
239 silly cache add args [ 'path-to-regexp@^1.7.0', null ]
240 verbose cache add spec path-to-regexp@^1.7.0
241 silly cache add parsed spec Result {
241 silly cache add   raw: 'path-to-regexp@^1.7.0',
241 silly cache add   scope: null,
241 silly cache add   escapedName: 'path-to-regexp',
241 silly cache add   name: 'path-to-regexp',
241 silly cache add   rawSpec: '^1.7.0',
241 silly cache add   spec: '>=1.7.0 <2.0.0',
241 silly cache add   type: 'range' }
242 silly addNamed path-to-regexp@>=1.7.0 <2.0.0
243 verbose addNamed ">=1.7.0 <2.0.0" is a valid semver range for path-to-regexp
244 silly addNameRange { name: 'path-to-regexp',
244 silly addNameRange   range: '>=1.7.0 <2.0.0',
244 silly addNameRange   hasData: false }
245 silly mapToRegistry name path-to-regexp
246 silly mapToRegistry using default registry
247 silly mapToRegistry registry https://registry.npmjs.org/
248 silly mapToRegistry data Result {
248 silly mapToRegistry   raw: 'path-to-regexp',
248 silly mapToRegistry   scope: null,
248 silly mapToRegistry   escapedName: 'path-to-regexp',
248 silly mapToRegistry   name: 'path-to-regexp',
248 silly mapToRegistry   rawSpec: '',
248 silly mapToRegistry   spec: 'latest',
248 silly mapToRegistry   type: 'tag' }
249 silly mapToRegistry uri https://registry.npmjs.org/path-to-regexp
250 verbose addNameRange registry:https://registry.npmjs.org/path-to-regexp not in flight; fetching
251 verbose get https://registry.npmjs.org/path-to-regexp not expired, no request
252 silly addNameRange number 2 { name: 'path-to-regexp',
252 silly addNameRange   range: '>=1.7.0 <2.0.0',
252 silly addNameRange   hasData: true }
253 silly addNameRange versions [ 'path-to-regexp',
253 silly addNameRange   [ '0.0.1',
253 silly addNameRange     '0.0.2',
253 silly addNameRange     '0.1.0',
253 silly addNameRange     '0.1.1',
253 silly addNameRange     '0.1.2',
253 silly addNameRange     '0.2.0',
253 silly addNameRange     '0.2.1',
253 silly addNameRange     '0.1.3',
253 silly addNameRange     '0.2.2',
253 silly addNameRange     '0.2.3',
253 silly addNameRange     '0.2.4',
253 silly addNameRange     '0.2.5',
253 silly addNameRange     '1.0.0',
253 silly addNameRange     '1.0.1',
253 silly addNameRange     '1.0.2',
253 silly addNameRange     '1.0.3',
253 silly addNameRange     '0.1.4',
253 silly addNameRange     '0.1.5',
253 silly addNameRange     '1.1.0',
253 silly addNameRange     '1.1.1',
253 silly addNameRange     '1.2.0',
253 silly addNameRange     '0.1.6',
253 silly addNameRange     '0.1.7',
253 silly addNameRange     '1.2.1',
253 silly addNameRange     '1.3.0',
253 silly addNameRange     '1.4.0',
253 silly addNameRange     '1.5.0',
253 silly addNameRange     '1.5.1',
253 silly addNameRange     '1.5.2',
253 silly addNameRange     '1.5.3',
253 silly addNameRange     '1.6.0',
253 silly addNameRange     '1.7.0',
253 silly addNameRange     '2.0.0' ] ]
254 silly addNamed path-to-regexp@1.7.0
255 verbose addNamed "1.7.0" is a plain semver version for path-to-regexp
256 silly cache afterAdd path-to-regexp@1.7.0
257 verbose afterAdd C:\Users\Wenjie\AppData\Roaming\npm-cache\path-to-regexp\1.7.0\package\package.json not in flight; writing
258 verbose correctMkdir C:\Users\Wenjie\AppData\Roaming\npm-cache correctMkdir not in flight; initializing
259 verbose afterAdd C:\Users\Wenjie\AppData\Roaming\npm-cache\path-to-regexp\1.7.0\package\package.json written
260 silly fetchNamedPackageData isarray
261 silly mapToRegistry name isarray
262 silly mapToRegistry using default registry
263 silly mapToRegistry registry https://registry.npmjs.org/
264 silly mapToRegistry data Result {
264 silly mapToRegistry   raw: 'isarray',
264 silly mapToRegistry   scope: null,
264 silly mapToRegistry   escapedName: 'isarray',
264 silly mapToRegistry   name: 'isarray',
264 silly mapToRegistry   rawSpec: '',
264 silly mapToRegistry   spec: 'latest',
264 silly mapToRegistry   type: 'tag' }
265 silly mapToRegistry uri https://registry.npmjs.org/isarray
266 verbose request uri https://registry.npmjs.org/isarray
267 verbose request no auth needed
268 info attempt registry request try #1 at 6:31:25 AM
269 verbose etag W/"5965e354-286a"
270 verbose lastModified Wed, 12 Jul 2017 08:52:36 GMT
271 http request GET https://registry.npmjs.org/isarray
272 http 304 https://registry.npmjs.org/isarray
273 verbose headers { date: 'Sun, 17 Sep 2017 22:31:27 GMT',
273 verbose headers   via: '1.1 varnish',
273 verbose headers   'cache-control': 'max-age=300',
273 verbose headers   etag: 'W/"5965e354-286a"',
273 verbose headers   age: '269',
273 verbose headers   connection: 'keep-alive',
273 verbose headers   'x-served-by': 'cache-sjc3151-SJC',
273 verbose headers   'x-cache': 'HIT',
273 verbose headers   'x-cache-hits': '4',
273 verbose headers   'x-timer': 'S1505687488.829144,VS0,VE0',
273 verbose headers   vary: 'Accept-Encoding, Accept' }
274 silly get cb [ 304,
274 silly get   { date: 'Sun, 17 Sep 2017 22:31:27 GMT',
274 silly get     via: '1.1 varnish',
274 silly get     'cache-control': 'max-age=300',
274 silly get     etag: 'W/"5965e354-286a"',
274 silly get     age: '269',
274 silly get     connection: 'keep-alive',
274 silly get     'x-served-by': 'cache-sjc3151-SJC',
274 silly get     'x-cache': 'HIT',
274 silly get     'x-cache-hits': '4',
274 silly get     'x-timer': 'S1505687488.829144,VS0,VE0',
274 silly get     vary: 'Accept-Encoding, Accept' } ]
275 verbose etag https://registry.npmjs.org/isarray from cache
276 verbose get saving isarray to C:\Users\Wenjie\AppData\Roaming\npm-cache\registry.npmjs.org\isarray\.cache.json
277 verbose correctMkdir C:\Users\Wenjie\AppData\Roaming\npm-cache correctMkdir not in flight; initializing
278 silly resolveWithNewModule isarray@0.0.1 checking installable status
279 silly cache add args [ 'isarray@0.0.1', null ]
280 verbose cache add spec isarray@0.0.1
281 silly cache add parsed spec Result {
281 silly cache add   raw: 'isarray@0.0.1',
281 silly cache add   scope: null,
281 silly cache add   escapedName: 'isarray',
281 silly cache add   name: 'isarray',
281 silly cache add   rawSpec: '0.0.1',
281 silly cache add   spec: '0.0.1',
281 silly cache add   type: 'version' }
282 silly addNamed isarray@0.0.1
283 verbose addNamed "0.0.1" is a plain semver version for isarray
284 silly mapToRegistry name isarray
285 silly mapToRegistry using default registry
286 silly mapToRegistry registry https://registry.npmjs.org/
287 silly mapToRegistry data Result {
287 silly mapToRegistry   raw: 'isarray',
287 silly mapToRegistry   scope: null,
287 silly mapToRegistry   escapedName: 'isarray',
287 silly mapToRegistry   name: 'isarray',
287 silly mapToRegistry   rawSpec: '',
287 silly mapToRegistry   spec: 'latest',
287 silly mapToRegistry   type: 'tag' }
288 silly mapToRegistry uri https://registry.npmjs.org/isarray
289 verbose addNameVersion registry:https://registry.npmjs.org/isarray not in flight; fetching
290 verbose get https://registry.npmjs.org/isarray not expired, no request
291 silly cache afterAdd isarray@0.0.1
292 verbose afterAdd C:\Users\Wenjie\AppData\Roaming\npm-cache\isarray\0.0.1\package\package.json not in flight; writing
293 verbose correctMkdir C:\Users\Wenjie\AppData\Roaming\npm-cache correctMkdir not in flight; initializing
294 verbose afterAdd C:\Users\Wenjie\AppData\Roaming\npm-cache\isarray\0.0.1\package\package.json written
295 silly fetchNamedPackageData react-native-drawer-layout
296 silly mapToRegistry name react-native-drawer-layout
297 silly mapToRegistry using default registry
298 silly mapToRegistry registry https://registry.npmjs.org/
299 silly mapToRegistry data Result {
299 silly mapToRegistry   raw: 'react-native-drawer-layout',
299 silly mapToRegistry   scope: null,
299 silly mapToRegistry   escapedName: 'react-native-drawer-layout',
299 silly mapToRegistry   name: 'react-native-drawer-layout',
299 silly mapToRegistry   rawSpec: '',
299 silly mapToRegistry   spec: 'latest',
299 silly mapToRegistry   type: 'tag' }
300 silly mapToRegistry uri https://registry.npmjs.org/react-native-drawer-layout
301 verbose request uri https://registry.npmjs.org/react-native-drawer-layout
302 verbose request no auth needed
303 info attempt registry request try #1 at 6:31:25 AM
304 verbose etag W/"5948b150-197e3"
305 verbose lastModified Tue, 20 Jun 2017 05:23:28 GMT
306 http request GET https://registry.npmjs.org/react-native-drawer-layout
307 http 304 https://registry.npmjs.org/react-native-drawer-layout
308 verbose headers { date: 'Sun, 17 Sep 2017 22:31:28 GMT',
308 verbose headers   via: '1.1 varnish',
308 verbose headers   'cache-control': 'max-age=300',
308 verbose headers   etag: 'W/"5948b150-197e3"',
308 verbose headers   age: '51',
308 verbose headers   connection: 'keep-alive',
308 verbose headers   'x-served-by': 'cache-sjc3146-SJC',
308 verbose headers   'x-cache': 'HIT',
308 verbose headers   'x-cache-hits': '1',
308 verbose headers   'x-timer': 'S1505687488.056168,VS0,VE0',
308 verbose headers   vary: 'Accept-Encoding, Accept' }
309 silly get cb [ 304,
309 silly get   { date: 'Sun, 17 Sep 2017 22:31:28 GMT',
309 silly get     via: '1.1 varnish',
309 silly get     'cache-control': 'max-age=300',
309 silly get     etag: 'W/"5948b150-197e3"',
309 silly get     age: '51',
309 silly get     connection: 'keep-alive',
309 silly get     'x-served-by': 'cache-sjc3146-SJC',
309 silly get     'x-cache': 'HIT',
309 silly get     'x-cache-hits': '1',
309 silly get     'x-timer': 'S1505687488.056168,VS0,VE0',
309 silly get     vary: 'Accept-Encoding, Accept' } ]
310 verbose etag https://registry.npmjs.org/react-native-drawer-layout from cache
311 verbose get saving react-native-drawer-layout to C:\Users\Wenjie\AppData\Roaming\npm-cache\registry.npmjs.org\react-native-drawer-layout\.cache.json
312 verbose correctMkdir C:\Users\Wenjie\AppData\Roaming\npm-cache correctMkdir not in flight; initializing
313 silly resolveWithNewModule react-native-drawer-layout@1.3.2 checking installable status
314 silly cache add args [ 'react-native-drawer-layout@1.3.2', null ]
315 verbose cache add spec react-native-drawer-layout@1.3.2
316 silly cache add parsed spec Result {
316 silly cache add   raw: 'react-native-drawer-layout@1.3.2',
316 silly cache add   scope: null,
316 silly cache add   escapedName: 'react-native-drawer-layout',
316 silly cache add   name: 'react-native-drawer-layout',
316 silly cache add   rawSpec: '1.3.2',
316 silly cache add   spec: '1.3.2',
316 silly cache add   type: 'version' }
317 silly addNamed react-native-drawer-layout@1.3.2
318 verbose addNamed "1.3.2" is a plain semver version for react-native-drawer-layout
319 silly mapToRegistry name react-native-drawer-layout
320 silly mapToRegistry using default registry
321 silly mapToRegistry registry https://registry.npmjs.org/
322 silly mapToRegistry data Result {
322 silly mapToRegistry   raw: 'react-native-drawer-layout',
322 silly mapToRegistry   scope: null,
322 silly mapToRegistry   escapedName: 'react-native-drawer-layout',
322 silly mapToRegistry   name: 'react-native-drawer-layout',
322 silly mapToRegistry   rawSpec: '',
322 silly mapToRegistry   spec: 'latest',
322 silly mapToRegistry   type: 'tag' }
323 silly mapToRegistry uri https://registry.npmjs.org/react-native-drawer-layout
324 verbose addNameVersion registry:https://registry.npmjs.org/react-native-drawer-layout not in flight; fetching
325 verbose get https://registry.npmjs.org/react-native-drawer-layout not expired, no request
326 silly cache afterAdd react-native-drawer-layout@1.3.2
327 verbose afterAdd C:\Users\Wenjie\AppData\Roaming\npm-cache\react-native-drawer-layout\1.3.2\package\package.json not in flight; writing
328 verbose correctMkdir C:\Users\Wenjie\AppData\Roaming\npm-cache correctMkdir not in flight; initializing
329 verbose afterAdd C:\Users\Wenjie\AppData\Roaming\npm-cache\react-native-drawer-layout\1.3.2\package\package.json written
330 silly fetchNamedPackageData react-native-dismiss-keyboard
331 silly mapToRegistry name react-native-dismiss-keyboard
332 silly mapToRegistry using default registry
333 silly mapToRegistry registry https://registry.npmjs.org/
334 silly mapToRegistry data Result {
334 silly mapToRegistry   raw: 'react-native-dismiss-keyboard',
334 silly mapToRegistry   scope: null,
334 silly mapToRegistry   escapedName: 'react-native-dismiss-keyboard',
334 silly mapToRegistry   name: 'react-native-dismiss-keyboard',
334 silly mapToRegistry   rawSpec: '',
334 silly mapToRegistry   spec: 'latest',
334 silly mapToRegistry   type: 'tag' }
335 silly mapToRegistry uri https://registry.npmjs.org/react-native-dismiss-keyboard
336 verbose request uri https://registry.npmjs.org/react-native-dismiss-keyboard
337 verbose request no auth needed
338 info attempt registry request try #1 at 6:31:25 AM
339 verbose etag W/"593f6c35-2d81"
340 verbose lastModified Tue, 13 Jun 2017 04:38:13 GMT
341 http request GET https://registry.npmjs.org/react-native-dismiss-keyboard
342 http 304 https://registry.npmjs.org/react-native-dismiss-keyboard
343 verbose headers { date: 'Sun, 17 Sep 2017 22:31:28 GMT',
343 verbose headers   via: '1.1 varnish',
343 verbose headers   'cache-control': 'max-age=300',
343 verbose headers   etag: 'W/"593f6c35-2d81"',
343 verbose headers   age: '50',
343 verbose headers   connection: 'keep-alive',
343 verbose headers   'x-served-by': 'cache-sjc3620-SJC',
343 verbose headers   'x-cache': 'HIT',
343 verbose headers   'x-cache-hits': '1',
343 verbose headers   'x-timer': 'S1505687488.289016,VS0,VE0',
343 verbose headers   vary: 'Accept-Encoding, Accept' }
344 silly get cb [ 304,
344 silly get   { date: 'Sun, 17 Sep 2017 22:31:28 GMT',
344 silly get     via: '1.1 varnish',
344 silly get     'cache-control': 'max-age=300',
344 silly get     etag: 'W/"593f6c35-2d81"',
344 silly get     age: '50',
344 silly get     connection: 'keep-alive',
344 silly get     'x-served-by': 'cache-sjc3620-SJC',
344 silly get     'x-cache': 'HIT',
344 silly get     'x-cache-hits': '1',
344 silly get     'x-timer': 'S1505687488.289016,VS0,VE0',
344 silly get     vary: 'Accept-Encoding, Accept' } ]
345 verbose etag https://registry.npmjs.org/react-native-dismiss-keyboard from cache
346 verbose get saving react-native-dismiss-keyboard to C:\Users\Wenjie\AppData\Roaming\npm-cache\registry.npmjs.org\react-native-dismiss-keyboard\.cache.json
347 verbose correctMkdir C:\Users\Wenjie\AppData\Roaming\npm-cache correctMkdir not in flight; initializing
348 silly resolveWithNewModule react-native-dismiss-keyboard@1.0.0 checking installable status
349 silly cache add args [ 'react-native-dismiss-keyboard@1.0.0', null ]
350 verbose cache add spec react-native-dismiss-keyboard@1.0.0
351 silly cache add parsed spec Result {
351 silly cache add   raw: 'react-native-dismiss-keyboard@1.0.0',
351 silly cache add   scope: null,
351 silly cache add   escapedName: 'react-native-dismiss-keyboard',
351 silly cache add   name: 'react-native-dismiss-keyboard',
351 silly cache add   rawSpec: '1.0.0',
351 silly cache add   spec: '1.0.0',
351 silly cache add   type: 'version' }
352 silly addNamed react-native-dismiss-keyboard@1.0.0
353 verbose addNamed "1.0.0" is a plain semver version for react-native-dismiss-keyboard
354 silly mapToRegistry name react-native-dismiss-keyboard
355 silly mapToRegistry using default registry
356 silly mapToRegistry registry https://registry.npmjs.org/
357 silly mapToRegistry data Result {
357 silly mapToRegistry   raw: 'react-native-dismiss-keyboard',
357 silly mapToRegistry   scope: null,
357 silly mapToRegistry   escapedName: 'react-native-dismiss-keyboard',
357 silly mapToRegistry   name: 'react-native-dismiss-keyboard',
357 silly mapToRegistry   rawSpec: '',
357 silly mapToRegistry   spec: 'latest',
357 silly mapToRegistry   type: 'tag' }
358 silly mapToRegistry uri https://registry.npmjs.org/react-native-dismiss-keyboard
359 verbose addNameVersion registry:https://registry.npmjs.org/react-native-dismiss-keyboard not in flight; fetching
360 verbose get https://registry.npmjs.org/react-native-dismiss-keyboard not expired, no request
361 silly cache afterAdd react-native-dismiss-keyboard@1.0.0
362 verbose afterAdd C:\Users\Wenjie\AppData\Roaming\npm-cache\react-native-dismiss-keyboard\1.0.0\package\package.json not in flight; writing
363 verbose correctMkdir C:\Users\Wenjie\AppData\Roaming\npm-cache correctMkdir not in flight; initializing
364 verbose afterAdd C:\Users\Wenjie\AppData\Roaming\npm-cache\react-native-dismiss-keyboard\1.0.0\package\package.json written
365 silly fetchOtherPackageData websql@github:expo/node-websql#18.0.0
366 silly cache add args [ 'websql@github:expo/node-websql#18.0.0', null ]
367 verbose cache add spec websql@github:expo/node-websql#18.0.0
368 silly cache add parsed spec Result {
368 silly cache add   raw: 'websql@github:expo/node-websql#18.0.0',
368 silly cache add   scope: null,
368 silly cache add   escapedName: 'websql',
368 silly cache add   name: 'websql',
368 silly cache add   rawSpec: 'github:expo/node-websql#18.0.0',
368 silly cache add   spec: 'github:expo/node-websql#18.0.0',
368 silly cache add   type: 'hosted',
368 silly cache add   hosted:
368 silly cache add    { type: 'github',
368 silly cache add      ssh: 'git@github.com:expo/node-websql.git#18.0.0',
368 silly cache add      sshUrl: 'git+ssh://git@github.com/expo/node-websql.git#18.0.0',
368 silly cache add      httpsUrl: 'git+https://github.com/expo/node-websql.git#18.0.0',
368 silly cache add      gitUrl: 'git://github.com/expo/node-websql.git#18.0.0',
368 silly cache add      shortcut: 'github:expo/node-websql#18.0.0',
368 silly cache add      directUrl: 'https://raw.githubusercontent.com/expo/node-websql/18.0.0/package.json' } }
369 verbose addRemoteGit caching github:expo/node-websql#18.0.0
370 verbose addRemoteGit expo/node-websql#18.0.0 is a repository hosted by github
371 silly tryGitProto attempting to clone git://github.com/expo/node-websql.git#18.0.0
372 silly tryClone cloning expo/node-websql#18.0.0 via git://github.com/expo/node-websql.git#18.0.0
373 verbose tryClone git-github-com-expo-node-websql-git-18-0-0-17a6eb60 not in flight; caching
374 verbose correctMkdir C:\Users\Wenjie\AppData\Roaming\npm-cache\_git-remotes correctMkdir not in flight; initializing
375 warn addRemoteGit Error: not found: git
375 warn addRemoteGit     at getNotFoundError (C:\Program Files\nodejs\node_modules\npm\node_modules\which\which.js:14:12)
375 warn addRemoteGit     at F (C:\Program Files\nodejs\node_modules\npm\node_modules\which\which.js:69:19)
375 warn addRemoteGit     at E (C:\Program Files\nodejs\node_modules\npm\node_modules\which\which.js:81:29)
375 warn addRemoteGit     at C:\Program Files\nodejs\node_modules\npm\node_modules\which\which.js:90:16
375 warn addRemoteGit     at C:\Program Files\nodejs\node_modules\npm\node_modules\which\node_modules\isexe\index.js:44:5
375 warn addRemoteGit     at C:\Program Files\nodejs\node_modules\npm\node_modules\which\node_modules\isexe\windows.js:29:5
375 warn addRemoteGit     at C:\Program Files\nodejs\node_modules\npm\node_modules\graceful-fs\polyfills.js:264:29
375 warn addRemoteGit     at FSReqWrap.oncomplete (fs.js:123:15)
375 warn addRemoteGit  expo/node-websql#18.0.0 resetting remote C:\Users\Wenjie\AppData\Roaming\npm-cache\_git-remotes\git-github-com-expo-node-websql-git-18-0-0-17a6eb60 because of error: { Error: not found: git
375 warn addRemoteGit     at getNotFoundError (C:\Program Files\nodejs\node_modules\npm\node_modules\which\which.js:14:12)
375 warn addRemoteGit     at F (C:\Program Files\nodejs\node_modules\npm\node_modules\which\which.js:69:19)
375 warn addRemoteGit     at E (C:\Program Files\nodejs\node_modules\npm\node_modules\which\which.js:81:29)
375 warn addRemoteGit     at C:\Program Files\nodejs\node_modules\npm\node_modules\which\which.js:90:16
375 warn addRemoteGit     at C:\Program Files\nodejs\node_modules\npm\node_modules\which\node_modules\isexe\index.js:44:5
375 warn addRemoteGit     at C:\Program Files\nodejs\node_modules\npm\node_modules\which\node_modules\isexe\windows.js:29:5
375 warn addRemoteGit     at C:\Program Files\nodejs\node_modules\npm\node_modules\graceful-fs\polyfills.js:264:29
375 warn addRemoteGit     at FSReqWrap.oncomplete (fs.js:123:15) code: 'ENOGIT' }
376 info resetRemote resetting C:\Users\Wenjie\AppData\Roaming\npm-cache\_git-remotes\git-github-com-expo-node-websql-git-18-0-0-17a6eb60 for expo/node-websql#18.0.0
377 silly gentlyRm C:\Users\Wenjie\AppData\Roaming\npm-cache\_git-remotes\git-github-com-expo-node-websql-git-18-0-0-17a6eb60 is being purged
378 verbose gentlyRm don't care about contents; nuking C:\Users\Wenjie\AppData\Roaming\npm-cache\_git-remotes\git-github-com-expo-node-websql-git-18-0-0-17a6eb60
379 silly vacuum-fs purging C:\Users\Wenjie\AppData\Roaming\npm-cache\_git-remotes\git-github-com-expo-node-websql-git-18-0-0-17a6eb60
380 silly vacuum-fs quitting because other entries in C:\Users\Wenjie\AppData\Roaming\npm-cache\_git-remotes
381 error git clone --template=C:\Users\Wenjie\AppData\Roaming\npm-cache\_git-remotes\_templates --mirror git://github.com/expo/node-websql.git C:\Users\Wenjie\AppData\Roaming\npm-cache\_git-remotes\git-github-com-expo-node-websql-git-18-0-0-17a6eb60: undefined
381 error git clone --template=C:\Users\Wenjie\AppData\Roaming\npm-cache\_git-remotes\_templates --mirror git://github.com/expo/node-websql.git C:\Users\Wenjie\AppData\Roaming\npm-cache\_git-remotes\git-github-com-expo-node-websql-git-18-0-0-17a6eb60: undefined
382 silly tryHTTPS attempting to clone git+https://github.com/expo/node-websql.git#18.0.0
383 silly tryClone cloning expo/node-websql#18.0.0 via git+https://github.com/expo/node-websql.git#18.0.0
384 verbose tryClone git-https-github-com-expo-node-websql-git-18-0-0-9423671b not in flight; caching
385 verbose correctMkdir C:\Users\Wenjie\AppData\Roaming\npm-cache\_git-remotes correctMkdir not in flight; initializing
386 warn addRemoteGit Error: not found: git
386 warn addRemoteGit     at getNotFoundError (C:\Program Files\nodejs\node_modules\npm\node_modules\which\which.js:14:12)
386 warn addRemoteGit     at F (C:\Program Files\nodejs\node_modules\npm\node_modules\which\which.js:69:19)
386 warn addRemoteGit     at E (C:\Program Files\nodejs\node_modules\npm\node_modules\which\which.js:81:29)
386 warn addRemoteGit     at C:\Program Files\nodejs\node_modules\npm\node_modules\which\which.js:90:16
386 warn addRemoteGit     at C:\Program Files\nodejs\node_modules\npm\node_modules\which\node_modules\isexe\index.js:44:5
386 warn addRemoteGit     at C:\Program Files\nodejs\node_modules\npm\node_modules\which\node_modules\isexe\windows.js:29:5
386 warn addRemoteGit     at C:\Program Files\nodejs\node_modules\npm\node_modules\graceful-fs\polyfills.js:264:29
386 warn addRemoteGit     at FSReqWrap.oncomplete (fs.js:123:15)
386 warn addRemoteGit  expo/node-websql#18.0.0 resetting remote C:\Users\Wenjie\AppData\Roaming\npm-cache\_git-remotes\git-https-github-com-expo-node-websql-git-18-0-0-9423671b because of error: { Error: not found: git
386 warn addRemoteGit     at getNotFoundError (C:\Program Files\nodejs\node_modules\npm\node_modules\which\which.js:14:12)
386 warn addRemoteGit     at F (C:\Program Files\nodejs\node_modules\npm\node_modules\which\which.js:69:19)
386 warn addRemoteGit     at E (C:\Program Files\nodejs\node_modules\npm\node_modules\which\which.js:81:29)
386 warn addRemoteGit     at C:\Program Files\nodejs\node_modules\npm\node_modules\which\which.js:90:16
386 warn addRemoteGit     at C:\Program Files\nodejs\node_modules\npm\node_modules\which\node_modules\isexe\index.js:44:5
386 warn addRemoteGit     at C:\Program Files\nodejs\node_modules\npm\node_modules\which\node_modules\isexe\windows.js:29:5
386 warn addRemoteGit     at C:\Program Files\nodejs\node_modules\npm\node_modules\graceful-fs\polyfills.js:264:29
386 warn addRemoteGit     at FSReqWrap.oncomplete (fs.js:123:15) code: 'ENOGIT' }
387 info resetRemote resetting C:\Users\Wenjie\AppData\Roaming\npm-cache\_git-remotes\git-https-github-com-expo-node-websql-git-18-0-0-9423671b for expo/node-websql#18.0.0
388 silly gentlyRm C:\Users\Wenjie\AppData\Roaming\npm-cache\_git-remotes\git-https-github-com-expo-node-websql-git-18-0-0-9423671b is being purged
389 verbose gentlyRm don't care about contents; nuking C:\Users\Wenjie\AppData\Roaming\npm-cache\_git-remotes\git-https-github-com-expo-node-websql-git-18-0-0-9423671b
390 silly vacuum-fs purging C:\Users\Wenjie\AppData\Roaming\npm-cache\_git-remotes\git-https-github-com-expo-node-websql-git-18-0-0-9423671b
391 silly vacuum-fs quitting because other entries in C:\Users\Wenjie\AppData\Roaming\npm-cache\_git-remotes
392 error git clone --template=C:\Users\Wenjie\AppData\Roaming\npm-cache\_git-remotes\_templates --mirror https://github.com/expo/node-websql.git C:\Users\Wenjie\AppData\Roaming\npm-cache\_git-remotes\git-https-github-com-expo-node-websql-git-18-0-0-9423671b: undefined
392 error git clone --template=C:\Users\Wenjie\AppData\Roaming\npm-cache\_git-remotes\_templates --mirror https://github.com/expo/node-websql.git C:\Users\Wenjie\AppData\Roaming\npm-cache\_git-remotes\git-https-github-com-expo-node-websql-git-18-0-0-9423671b: undefined
393 silly trySSH attempting to clone git@github.com:expo/node-websql.git#18.0.0
394 silly tryClone cloning expo/node-websql#18.0.0 via git@github.com:expo/node-websql.git#18.0.0
395 verbose tryClone git-github-com-expo-node-websql-git-18-0-0-8213877d not in flight; caching
396 verbose correctMkdir C:\Users\Wenjie\AppData\Roaming\npm-cache\_git-remotes correctMkdir not in flight; initializing
397 warn addRemoteGit Error: not found: git
397 warn addRemoteGit     at getNotFoundError (C:\Program Files\nodejs\node_modules\npm\node_modules\which\which.js:14:12)
397 warn addRemoteGit     at F (C:\Program Files\nodejs\node_modules\npm\node_modules\which\which.js:69:19)
397 warn addRemoteGit     at E (C:\Program Files\nodejs\node_modules\npm\node_modules\which\which.js:81:29)
397 warn addRemoteGit     at C:\Program Files\nodejs\node_modules\npm\node_modules\which\which.js:90:16
397 warn addRemoteGit     at C:\Program Files\nodejs\node_modules\npm\node_modules\which\node_modules\isexe\index.js:44:5
397 warn addRemoteGit     at C:\Program Files\nodejs\node_modules\npm\node_modules\which\node_modules\isexe\windows.js:29:5
397 warn addRemoteGit     at C:\Program Files\nodejs\node_modules\npm\node_modules\graceful-fs\polyfills.js:264:29
397 warn addRemoteGit     at FSReqWrap.oncomplete (fs.js:123:15)
397 warn addRemoteGit  expo/node-websql#18.0.0 resetting remote C:\Users\Wenjie\AppData\Roaming\npm-cache\_git-remotes\git-github-com-expo-node-websql-git-18-0-0-8213877d because of error: { Error: not found: git
397 warn addRemoteGit     at getNotFoundError (C:\Program Files\nodejs\node_modules\npm\node_modules\which\which.js:14:12)
397 warn addRemoteGit     at F (C:\Program Files\nodejs\node_modules\npm\node_modules\which\which.js:69:19)
397 warn addRemoteGit     at E (C:\Program Files\nodejs\node_modules\npm\node_modules\which\which.js:81:29)
397 warn addRemoteGit     at C:\Program Files\nodejs\node_modules\npm\node_modules\which\which.js:90:16
397 warn addRemoteGit     at C:\Program Files\nodejs\node_modules\npm\node_modules\which\node_modules\isexe\index.js:44:5
397 warn addRemoteGit     at C:\Program Files\nodejs\node_modules\npm\node_modules\which\node_modules\isexe\windows.js:29:5
397 warn addRemoteGit     at C:\Program Files\nodejs\node_modules\npm\node_modules\graceful-fs\polyfills.js:264:29
397 warn addRemoteGit     at FSReqWrap.oncomplete (fs.js:123:15) code: 'ENOGIT' }
398 info resetRemote resetting C:\Users\Wenjie\AppData\Roaming\npm-cache\_git-remotes\git-github-com-expo-node-websql-git-18-0-0-8213877d for expo/node-websql#18.0.0
399 silly gentlyRm C:\Users\Wenjie\AppData\Roaming\npm-cache\_git-remotes\git-github-com-expo-node-websql-git-18-0-0-8213877d is being purged
400 verbose gentlyRm don't care about contents; nuking C:\Users\Wenjie\AppData\Roaming\npm-cache\_git-remotes\git-github-com-expo-node-websql-git-18-0-0-8213877d
401 silly vacuum-fs purging C:\Users\Wenjie\AppData\Roaming\npm-cache\_git-remotes\git-github-com-expo-node-websql-git-18-0-0-8213877d
402 silly vacuum-fs quitting because other entries in C:\Users\Wenjie\AppData\Roaming\npm-cache\_git-remotes
403 error git clone --template=C:\Users\Wenjie\AppData\Roaming\npm-cache\_git-remotes\_templates --mirror git@github.com:expo/node-websql.git C:\Users\Wenjie\AppData\Roaming\npm-cache\_git-remotes\git-github-com-expo-node-websql-git-18-0-0-8213877d: undefined
403 error git clone --template=C:\Users\Wenjie\AppData\Roaming\npm-cache\_git-remotes\_templates --mirror git@github.com:expo/node-websql.git C:\Users\Wenjie\AppData\Roaming\npm-cache\_git-remotes\git-github-com-expo-node-websql-git-18-0-0-8213877d: undefined
404 silly fetchPackageMetaData Error: not found: git
404 silly fetchPackageMetaData     at getNotFoundError (C:\Program Files\nodejs\node_modules\npm\node_modules\which\which.js:14:12)
404 silly fetchPackageMetaData     at F (C:\Program Files\nodejs\node_modules\npm\node_modules\which\which.js:69:19)
404 silly fetchPackageMetaData     at E (C:\Program Files\nodejs\node_modules\npm\node_modules\which\which.js:81:29)
404 silly fetchPackageMetaData     at C:\Program Files\nodejs\node_modules\npm\node_modules\which\which.js:90:16
404 silly fetchPackageMetaData     at C:\Program Files\nodejs\node_modules\npm\node_modules\which\node_modules\isexe\index.js:44:5
404 silly fetchPackageMetaData     at C:\Program Files\nodejs\node_modules\npm\node_modules\which\node_modules\isexe\windows.js:29:5
404 silly fetchPackageMetaData     at C:\Program Files\nodejs\node_modules\npm\node_modules\graceful-fs\polyfills.js:264:29
404 silly fetchPackageMetaData     at FSReqWrap.oncomplete (fs.js:123:15)
404 silly fetchPackageMetaData  error for websql@github:expo/node-websql#18.0.0 { Error: not found: git
404 silly fetchPackageMetaData     at getNotFoundError (C:\Program Files\nodejs\node_modules\npm\node_modules\which\which.js:14:12)
404 silly fetchPackageMetaData     at F (C:\Program Files\nodejs\node_modules\npm\node_modules\which\which.js:69:19)
404 silly fetchPackageMetaData     at E (C:\Program Files\nodejs\node_modules\npm\node_modules\which\which.js:81:29)
404 silly fetchPackageMetaData     at C:\Program Files\nodejs\node_modules\npm\node_modules\which\which.js:90:16
404 silly fetchPackageMetaData     at C:\Program Files\nodejs\node_modules\npm\node_modules\which\node_modules\isexe\index.js:44:5
404 silly fetchPackageMetaData     at C:\Program Files\nodejs\node_modules\npm\node_modules\which\node_modules\isexe\windows.js:29:5
404 silly fetchPackageMetaData     at C:\Program Files\nodejs\node_modules\npm\node_modules\graceful-fs\polyfills.js:264:29
404 silly fetchPackageMetaData     at FSReqWrap.oncomplete (fs.js:123:15) code: 'ENOGIT' }
405 silly rollbackFailedOptional Starting
406 silly rollbackFailedOptional Finishing
407 silly runTopLevelLifecycles Finishing
408 silly install printInstalled
409 verbose stack Error: not found: git
409 verbose stack     at getNotFoundError (C:\Program Files\nodejs\node_modules\npm\node_modules\which\which.js:14:12)
409 verbose stack     at F (C:\Program Files\nodejs\node_modules\npm\node_modules\which\which.js:69:19)
409 verbose stack     at E (C:\Program Files\nodejs\node_modules\npm\node_modules\which\which.js:81:29)
409 verbose stack     at C:\Program Files\nodejs\node_modules\npm\node_modules\which\which.js:90:16
409 verbose stack     at C:\Program Files\nodejs\node_modules\npm\node_modules\which\node_modules\isexe\index.js:44:5
409 verbose stack     at C:\Program Files\nodejs\node_modules\npm\node_modules\which\node_modules\isexe\windows.js:29:5
409 verbose stack     at C:\Program Files\nodejs\node_modules\npm\node_modules\graceful-fs\polyfills.js:264:29
409 verbose stack     at FSReqWrap.oncomplete (fs.js:123:15)
410 verbose cwd C:\Users\Wenjie\project\node_modules
411 error Windows_NT 10.0.15063
412 error argv "C:\\Program Files\\nodejs\\node.exe" "C:\\Program Files\\nodejs\\node_modules\\npm\\bin\\npm-cli.js" "install" "--save" "react-navigation"
413 error node v6.11.3
414 error npm  v3.10.10
415 error code ENOGIT
416 error not found: git
417 error Failed using git.
417 error This is most likely not a problem with npm itself.
417 error Please check if you have git installed and in your PATH.
418 verbose exit [ 1, true ]
